<?xml version="1.0" encoding="UTF-8"?>
<!-- Generated by org.testng.reporters.JUnitXMLReporter -->
<testsuite ignored="0" hostname="DESKTOP-122O0EN" failures="0" tests="3" name="Default test" time="38.595" errors="0" timestamp="2023-02-15T17:47:50 PST">
  <testcase classname="com.jbk.dataprovider.DataProviderWithExcelSheet" name="LoginTestCase" time="2.681"/>
  <testcase classname="com.jbk.dataprovider.DataProviderWithExcelSheet" name="LoginTestCase" time="2.601"/>
  <testcase classname="com.jbk.dataprovider.DataProviderWithExcelSheet" name="LoginTestCase" time="2.792"/>
</testsuite> <!-- Default test -->
