<?xml version="1.0" encoding="UTF-8"?>
<testng-results ignored="4" total="5" passed="1" failed="0" skipped="0">
  <reporter-output>
  </reporter-output>
  <suite started-at="2023-03-11T01:43:56Z" name="Default suite" finished-at="2023-03-11T01:43:59Z" duration-ms="3768">
    <groups>
    </groups>
    <test started-at="2023-03-11T01:43:56Z" name="Default test" finished-at="2023-03-11T01:43:59Z" duration-ms="3768">
      <class name="restAssured.JiraAPIsAutomation">
        <test-method signature="deletComment2()[pri:0, instance:restAssured.JiraAPIsAutomation@27d5a580]" started-at="2023-03-11T01:43:56Z" name="deletComment2" finished-at="2023-03-11T01:43:59Z" duration-ms="3734" status="PASS">
          <reporter-output>
          </reporter-output>
        </test-method> <!-- deletComment2 -->
      </class> <!-- restAssured.JiraAPIsAutomation -->
    </test> <!-- Default test -->
  </suite> <!-- Default suite -->
</testng-results>
