<?xml version="1.0" encoding="UTF-8"?>
<testng-results ignored="0" total="3" passed="3" failed="0" skipped="0">
  <reporter-output>
  </reporter-output>
  <suite started-at="2023-04-05T07:11:41Z" name="Default suite" finished-at="2023-04-05T07:11:53Z" duration-ms="11507">
    <groups>
    </groups>
    <test started-at="2023-04-05T07:11:41Z" name="Default test" finished-at="2023-04-05T07:11:53Z" duration-ms="11507">
      <class name="restAssured.HttpMethod">
        <test-method signature="getMethod()[pri:0, instance:restAssured.HttpMethod@1f75a668]" started-at="2023-04-05T07:11:42Z" name="getMethod" finished-at="2023-04-05T07:11:50Z" duration-ms="8392" status="PASS">
          <reporter-output>
          </reporter-output>
        </test-method> <!-- getMethod -->
        <test-method signature="postMehtod()[pri:0, instance:restAssured.HttpMethod@1f75a668]" started-at="2023-04-05T07:11:50Z" name="postMehtod" finished-at="2023-04-05T07:11:52Z" duration-ms="1562" status="PASS">
          <reporter-output>
          </reporter-output>
        </test-method> <!-- postMehtod -->
        <test-method signature="putMehtod()[pri:0, instance:restAssured.HttpMethod@1f75a668]" started-at="2023-04-05T07:11:52Z" name="putMehtod" finished-at="2023-04-05T07:11:53Z" duration-ms="1379" status="PASS">
          <reporter-output>
          </reporter-output>
        </test-method> <!-- putMehtod -->
      </class> <!-- restAssured.HttpMethod -->
    </test> <!-- Default test -->
  </suite> <!-- Default suite -->
</testng-results>
