<?xml version="1.0" encoding="UTF-8"?>
<testng-results ignored="0" total="3" passed="3" failed="0" skipped="0">
  <reporter-output>
  </reporter-output>
  <suite started-at="2023-03-29T11:10:16Z" name="Default suite" finished-at="2023-03-29T11:10:17Z" duration-ms="950">
    <groups>
    </groups>
    <test started-at="2023-03-29T11:10:16Z" name="Default test" finished-at="2023-03-29T11:10:17Z" duration-ms="950">
      <class name="com.test.HomepageTest">
        <test-method is-config="true" signature="setup()[pri:0, instance:com.test.HomepageTest@4816278d]" started-at="2023-03-29T11:10:12Z" name="setup" finished-at="2023-03-29T11:10:16Z" duration-ms="4097" status="PASS">
          <reporter-output>
          </reporter-output>
        </test-method> <!-- setup -->
        <test-method signature="verifyMenu()[pri:0, instance:com.test.HomepageTest@4816278d]" started-at="2023-03-29T11:10:16Z" name="verifyMenu" finished-at="2023-03-29T11:10:16Z" duration-ms="664" status="PASS">
          <reporter-output>
          </reporter-output>
        </test-method> <!-- verifyMenu -->
        <test-method signature="verifyMenuapi()[pri:0, instance:com.test.HomepageTest@4816278d]" started-at="2023-03-29T11:10:16Z" name="verifyMenuapi" finished-at="2023-03-29T11:10:16Z" duration-ms="131" status="PASS">
          <reporter-output>
          </reporter-output>
        </test-method> <!-- verifyMenuapi -->
        <test-method signature="verifylogo()[pri:0, instance:com.test.HomepageTest@4816278d]" started-at="2023-03-29T11:10:16Z" name="verifylogo" finished-at="2023-03-29T11:10:17Z" duration-ms="112" status="PASS">
          <reporter-output>
          </reporter-output>
        </test-method> <!-- verifylogo -->
      </class> <!-- com.test.HomepageTest -->
    </test> <!-- Default test -->
  </suite> <!-- Default suite -->
</testng-results>
