<?xml version="1.0" encoding="UTF-8"?>
<!-- Generated by org.testng.reporters.JUnitXMLReporter -->
<testsuite ignored="0" hostname="DESKTOP-122O0EN" failures="1" tests="3" name="Test" time="0.77" errors="0" timestamp="22 Mar 2023 14:36:36 GMT">
  <testcase classname="com.test.LoginTest" name="test01" time="0.428">
    <failure type="java.lang.AssertionError" message="expected [123] but found [JavaByKiran | Log in]">
      <![CDATA[java.lang.AssertionError: expected [123] but found [JavaByKiran | Log in]
at com.test.LoginTest.test01(LoginTest.java:26)
... Removed 31 stack frames]]>
    </failure>
  </testcase> <!-- test01 -->
  <testcase classname="com.test.LoginTest" name="test02" time="0.01"/>
  <testcase classname="com.test.LoginTest" name="test03" time="0.002">
    <skipped/>
  </testcase> <!-- test03 -->
</testsuite> <!-- Test -->
