<?xml version="1.0" encoding="UTF-8"?>
<!-- Generated by org.testng.reporters.JUnitXMLReporter -->
<testsuite ignored="2" hostname="DESKTOP-122O0EN" failures="0" tests="1" name="Default test" time="7.087" errors="0" timestamp="25 May 2023 05:32:13 GMT">
  <testcase classname="restAssured.HttpMethod" name="getMethod" time="7.034"/>
  <testcase classname="restAssured.HttpMethod" name="postMehtod" time="0.0">
    <ignored/>
  </testcase> <!-- postMehtod -->
  <testcase classname="restAssured.HttpMethod" name="putMehtod" time="0.0">
    <ignored/>
  </testcase> <!-- putMehtod -->
</testsuite> <!-- Default test -->
