<?xml version="1.0" encoding="UTF-8"?>
<!-- Generated by org.testng.reporters.JUnitXMLReporter -->
<testsuite ignored="4" hostname="DESKTOP-122O0EN" failures="0" tests="1" name="Default test" time="3.768" errors="0" timestamp="11 Mar 2023 01:43:59 GMT">
  <testcase classname="restAssured.JiraAPIsAutomation" name="deletComment2" time="3.734"/>
  <testcase classname="restAssured.JiraAPIsAutomation" name="putComment2" time="0.0">
    <ignored/>
  </testcase> <!-- putComment2 -->
  <testcase classname="restAssured.JiraAPIsAutomation" name="getComment2" time="0.0">
    <ignored/>
  </testcase> <!-- getComment2 -->
  <testcase classname="restAssured.JiraAPIsAutomation" name="getComment" time="0.0">
    <ignored/>
  </testcase> <!-- getComment -->
  <testcase classname="restAssured.JiraAPIsAutomation" name="addComment" time="0.0">
    <ignored/>
  </testcase> <!-- addComment -->
</testsuite> <!-- Default test -->
