<?xml version="1.0" encoding="UTF-8"?>
<!-- Generated by org.testng.reporters.JUnitXMLReporter -->
<testsuite ignored="0" hostname="DESKTOP-122O0EN" failures="0" tests="3" name="Default test" time="0.95" errors="0" timestamp="29 Mar 2023 11:10:17 GMT">
  <testcase classname="com.test.HomepageTest" name="verifyMenu" time="0.664"/>
  <testcase classname="com.test.HomepageTest" name="verifyMenuapi" time="0.131"/>
  <testcase classname="com.test.HomepageTest" name="verifylogo" time="0.112"/>
</testsuite> <!-- Default test -->
