<?xml version="1.0" encoding="UTF-8"?>
<testng-results ignored="0" total="1" passed="1" failed="0" skipped="0">
  <reporter-output>
  </reporter-output>
  <suite started-at="2023-02-25T22:30:35Z" name="Default suite" finished-at="2023-02-25T22:30:36Z" duration-ms="78">
    <groups>
    </groups>
    <test started-at="2023-02-25T22:30:35Z" name="Default test" finished-at="2023-02-25T22:30:36Z" duration-ms="78">
      <class name="com.jbk.DemoTest2">
        <test-method signature="test01()[pri:0, instance:com.jbk.DemoTest2@7526515b]" started-at="2023-02-25T22:30:36Z" name="test01" finished-at="2023-02-25T22:30:36Z" duration-ms="35" status="PASS">
          <reporter-output>
          </reporter-output>
        </test-method> <!-- test01 -->
      </class> <!-- com.jbk.DemoTest2 -->
    </test> <!-- Default test -->
  </suite> <!-- Default suite -->
</testng-results>
