<?xml version="1.0" encoding="UTF-8"?>
<testng-results ignored="0" total="4" passed="4" failed="0" skipped="0">
  <reporter-output>
  </reporter-output>
  <suite started-at="2023-03-06T01:48:19Z" name="Default suite" finished-at="2023-03-06T01:48:47Z" duration-ms="28294">
    <groups>
    </groups>
    <test started-at="2023-03-06T01:48:19Z" name="Default test" finished-at="2023-03-06T01:48:47Z" duration-ms="28294">
      <class name="com.test.LoginTest">
        <test-method is-config="true" signature="CorrectCred()[pri:0, instance:com.test.LoginTest@5cdec700]" started-at="2023-03-06T01:48:19Z" name="CorrectCred" finished-at="2023-03-06T01:48:26Z" duration-ms="7210" status="PASS">
          <reporter-output>
          </reporter-output>
        </test-method> <!-- CorrectCred -->
        <test-method signature="verifyTitleOfNextPage()[pri:1, instance:com.test.LoginTest@5cdec700]" started-at="2023-03-06T01:48:26Z" name="verifyTitleOfNextPage" finished-at="2023-03-06T01:48:35Z" duration-ms="8370" status="PASS">
          <reporter-output>
          </reporter-output>
        </test-method> <!-- verifyTitleOfNextPage -->
        <test-method is-config="true" signature="CorrectCred()[pri:0, instance:com.test.LoginTest@5cdec700]" started-at="2023-03-06T01:48:35Z" name="CorrectCred" finished-at="2023-03-06T01:48:37Z" duration-ms="2856" status="PASS">
          <reporter-output>
          </reporter-output>
        </test-method> <!-- CorrectCred -->
        <test-method signature="VerifyWrongGmailAccount()[pri:2, instance:com.test.LoginTest@5cdec700]" started-at="2023-03-06T01:48:37Z" name="VerifyWrongGmailAccount" finished-at="2023-03-06T01:48:38Z" duration-ms="427" status="PASS">
          <reporter-output>
          </reporter-output>
        </test-method> <!-- VerifyWrongGmailAccount -->
        <test-method is-config="true" signature="CorrectCred()[pri:0, instance:com.test.LoginTest@5cdec700]" started-at="2023-03-06T01:48:38Z" name="CorrectCred" finished-at="2023-03-06T01:48:41Z" duration-ms="3449" status="PASS">
          <reporter-output>
          </reporter-output>
        </test-method> <!-- CorrectCred -->
        <test-method signature="VerifyWrongPassword()[pri:3, instance:com.test.LoginTest@5cdec700]" started-at="2023-03-06T01:48:41Z" name="VerifyWrongPassword" finished-at="2023-03-06T01:48:42Z" duration-ms="427" status="PASS">
          <reporter-output>
          </reporter-output>
        </test-method> <!-- VerifyWrongPassword -->
        <test-method is-config="true" signature="CorrectCred()[pri:0, instance:com.test.LoginTest@5cdec700]" started-at="2023-03-06T01:48:42Z" name="CorrectCred" finished-at="2023-03-06T01:48:47Z" duration-ms="4865" status="PASS">
          <reporter-output>
          </reporter-output>
        </test-method> <!-- CorrectCred -->
        <test-method signature="VerifyWrongGamilAndPassword()[pri:4, instance:com.test.LoginTest@5cdec700]" started-at="2023-03-06T01:48:47Z" name="VerifyWrongGamilAndPassword" finished-at="2023-03-06T01:48:47Z" duration-ms="634" status="PASS">
          <reporter-output>
          </reporter-output>
        </test-method> <!-- VerifyWrongGamilAndPassword -->
      </class> <!-- com.test.LoginTest -->
    </test> <!-- Default test -->
  </suite> <!-- Default suite -->
</testng-results>
