<?xml version="1.0" encoding="UTF-8"?>
<!-- Generated by org.testng.reporters.JUnitXMLReporter -->
<testsuite ignored="0" hostname="DESKTOP-122O0EN" failures="0" tests="4" name="Default test" time="28.294" errors="0" timestamp="06 Mar 2023 01:48:47 GMT">
  <testcase classname="com.test.LoginTest" name="verifyTitleOfNextPage" time="8.37"/>
  <testcase classname="com.test.LoginTest" name="VerifyWrongGmailAccount" time="0.427"/>
  <testcase classname="com.test.LoginTest" name="VerifyWrongPassword" time="0.427"/>
  <testcase classname="com.test.LoginTest" name="VerifyWrongGamilAndPassword" time="0.634"/>
</testsuite> <!-- Default test -->
